host: Petes-Laptop.local
Building DAG of jobs...
Using shell: /bin/bash
Provided cores: 10
Rules claiming more threads will be scaled down.
Job stats:
job               count
--------------  -------
all                   1
bcftools_call         1
bwa_map               2
plot_quals            1
samtools_index        2
samtools_sort         2
total                 9

Select jobs to execute...
Execute 2 jobs...

[Thu Jan 30 02:36:32 2025]
localrule bwa_map:
    input: data/genome.fa, data/samples/A.fastq
    output: mapped_reads/A.bam
    jobid: 4
    reason: Missing output files: mapped_reads/A.bam
    wildcards: sample=A
    resources: tmpdir=/var/folders/s_/hs4wzl4j51d8tj7v6_cz5s3m0000gn/T


[Thu Jan 30 02:36:32 2025]
localrule bwa_map:
    input: data/genome.fa, data/samples/B.fastq
    output: mapped_reads/B.bam
    jobid: 6
    reason: Missing output files: mapped_reads/B.bam
    wildcards: sample=B
    resources: tmpdir=/var/folders/s_/hs4wzl4j51d8tj7v6_cz5s3m0000gn/T

[Thu Jan 30 02:36:32 2025]
Finished job 6.
1 of 9 steps (11%) done
Select jobs to execute...
Execute 1 jobs...

[Thu Jan 30 02:36:32 2025]
localrule samtools_sort:
    input: mapped_reads/B.bam
    output: sorted_reads/B.bam
    jobid: 5
    reason: Missing output files: sorted_reads/B.bam; Input files updated by another job: mapped_reads/B.bam
    wildcards: sample=B
    resources: tmpdir=/var/folders/s_/hs4wzl4j51d8tj7v6_cz5s3m0000gn/T

[Thu Jan 30 02:36:32 2025]
Finished job 4.
2 of 9 steps (22%) done
Select jobs to execute...
Execute 1 jobs...

[Thu Jan 30 02:36:32 2025]
localrule samtools_sort:
    input: mapped_reads/A.bam
    output: sorted_reads/A.bam
    jobid: 3
    reason: Missing output files: sorted_reads/A.bam; Input files updated by another job: mapped_reads/A.bam
    wildcards: sample=A
    resources: tmpdir=/var/folders/s_/hs4wzl4j51d8tj7v6_cz5s3m0000gn/T

[Thu Jan 30 02:36:32 2025]
Finished job 5.
3 of 9 steps (33%) done
Select jobs to execute...
Execute 1 jobs...

[Thu Jan 30 02:36:32 2025]
localrule samtools_index:
    input: sorted_reads/B.bam
    output: sorted_reads/B.bam.bai
    jobid: 8
    reason: Missing output files: sorted_reads/B.bam.bai; Input files updated by another job: sorted_reads/B.bam
    wildcards: sample=B
    resources: tmpdir=/var/folders/s_/hs4wzl4j51d8tj7v6_cz5s3m0000gn/T

[Thu Jan 30 02:36:32 2025]
Finished job 3.
4 of 9 steps (44%) done
Select jobs to execute...
Execute 1 jobs...

[Thu Jan 30 02:36:32 2025]
localrule samtools_index:
    input: sorted_reads/A.bam
    output: sorted_reads/A.bam.bai
    jobid: 7
    reason: Missing output files: sorted_reads/A.bam.bai; Input files updated by another job: sorted_reads/A.bam
    wildcards: sample=A
    resources: tmpdir=/var/folders/s_/hs4wzl4j51d8tj7v6_cz5s3m0000gn/T

[Thu Jan 30 02:36:32 2025]
Finished job 8.
5 of 9 steps (56%) done
[Thu Jan 30 02:36:32 2025]
Finished job 7.
6 of 9 steps (67%) done
Select jobs to execute...
Execute 1 jobs...

[Thu Jan 30 02:36:32 2025]
localrule bcftools_call:
    input: data/genome.fa, sorted_reads/A.bam, sorted_reads/B.bam, sorted_reads/A.bam.bai, sorted_reads/B.bam.bai
    output: calls/all.vcf
    jobid: 2
    reason: Missing output files: calls/all.vcf; Input files updated by another job: sorted_reads/B.bam, sorted_reads/B.bam.bai, sorted_reads/A.bam, sorted_reads/A.bam.bai
    resources: tmpdir=/var/folders/s_/hs4wzl4j51d8tj7v6_cz5s3m0000gn/T

[Thu Jan 30 02:36:32 2025]
Finished job 2.
7 of 9 steps (78%) done
Select jobs to execute...
Execute 1 jobs...

[Thu Jan 30 02:36:32 2025]
localrule plot_quals:
    input: calls/all.vcf
    output: plots/quals.svg
    jobid: 1
    reason: Missing output files: plots/quals.svg; Input files updated by another job: calls/all.vcf
    resources: tmpdir=/var/folders/s_/hs4wzl4j51d8tj7v6_cz5s3m0000gn/T

[Thu Jan 30 02:36:33 2025]
Finished job 1.
8 of 9 steps (89%) done
Select jobs to execute...
Execute 1 jobs...

[Thu Jan 30 02:36:33 2025]
localrule all:
    input: plots/quals.svg
    jobid: 0
    reason: Input files updated by another job: plots/quals.svg
    resources: tmpdir=/var/folders/s_/hs4wzl4j51d8tj7v6_cz5s3m0000gn/T

[Thu Jan 30 02:36:33 2025]
Finished job 0.
9 of 9 steps (100%) done
Complete log: .snakemake/log/2025-01-30T023632.016629.snakemake.log
